Reading netlist file: "/media/psf/Projects/drone/impl/gwsynthesis/drone.vg"
Parsing netlist file "/media/psf/Projects/drone/impl/gwsynthesis/drone.vg" completed
Processing netlist completed
Reading constraint file: "/media/psf/Projects/drone/new_cpu/drone.cst"
Physical Constraint parsed completed
Running placement......
[10%] Placement Phase 0 completed
[20%] Placement Phase 1 completed
[30%] Placement Phase 2 completed
[50%] Placement Phase 3 completed
Running routing......
[60%] Routing Phase 0 completed
[70%] Routing Phase 1 completed
[80%] Routing Phase 2 completed
[90%] Routing Phase 3 completed
Running timing analysis......
NOTE  (TA1125) : More than 5 critical paths are ignored because having large logic level.
[95%] Timing analysis completed
Placement and routing completed
Bitstream generation in progress......
Bitstream generation completed
Running power analysis......
[100%] Power analysis completed
Generate file "/media/psf/Projects/drone/impl/pnr/drone.power.html" completed
Generate file "/media/psf/Projects/drone/impl/pnr/drone.pin.html" completed
Generate file "/media/psf/Projects/drone/impl/pnr/drone.rpt.html" completed
Generate file "/media/psf/Projects/drone/impl/pnr/drone.rpt.txt" completed
Generate file "/media/psf/Projects/drone/impl/pnr/drone.vo" completed
Generate file "/media/psf/Projects/drone/impl/pnr/drone.tr.html" completed
Sat Jun 22 16:46:45 2024

