Reading netlist file: "/project/impl/gwsynthesis/project.vg"
Parsing netlist file "/project/impl/gwsynthesis/project.vg" completed
Processing netlist completed
Reading constraint file: "/project/new_cpu/drone.cst"
Physical Constraint parsed completed
Running placement......
[10%] Placement Phase 0 completed
[20%] Placement Phase 1 completed
[30%] Placement Phase 2 completed
[50%] Placement Phase 3 completed
Running routing......
[60%] Routing Phase 0 completed
[70%] Routing Phase 1 completed
[80%] Routing Phase 2 completed
[90%] Routing Phase 3 completed
Running timing analysis......
NOTE  (TA1125) : More than 5 critical paths are ignored because having large logic level.
[95%] Timing analysis completed
Placement and routing completed
Bitstream generation in progress......
Bitstream generation completed
Running power analysis......
[100%] Power analysis completed
Generate file "/project/impl/pnr/project.power.html" completed
Generate file "/project/impl/pnr/project.pin.html" completed
Generate file "/project/impl/pnr/project.rpt.html" completed
Generate file "/project/impl/pnr/project.rpt.txt" completed
Generate file "/project/impl/pnr/project.tr.html" completed
Sat Jun 22 14:13:44 2024

