GowinSynthesis start
Running parser ...
Analyzing Verilog file '\\Mac\Home\Documents\Projects\drone\src\main.v'
WARN  (EX3209) : Root scope declaration is not allowed in Verilog 2001 mode("\\Mac\Home\Documents\Projects\drone\src\main.v":1)
WARN  (EX3209) : Root scope declaration is not allowed in Verilog 2001 mode("\\Mac\Home\Documents\Projects\drone\src\main.v":2)
WARN  (EX3209) : Root scope declaration is not allowed in Verilog 2001 mode("\\Mac\Home\Documents\Projects\drone\src\main.v":3)
WARN  (EX2582) : Parameter 'CLOCK_FREQ' declared inside compilation unit '$unit___mac_home_documents_projects_drone_src_main_v' shall be treated as localparam("\\Mac\Home\Documents\Projects\drone\src\main.v":1)
WARN  (EX2582) : Parameter 'I2C_FREQ' declared inside compilation unit '$unit___mac_home_documents_projects_drone_src_main_v' shall be treated as localparam("\\Mac\Home\Documents\Projects\drone\src\main.v":2)
WARN  (EX2582) : Parameter 'I2C_CYCLE_TICKS' declared inside compilation unit '$unit___mac_home_documents_projects_drone_src_main_v' shall be treated as localparam("\\Mac\Home\Documents\Projects\drone\src\main.v":3)
Compiling module 'I2C_Master'("\\Mac\Home\Documents\Projects\drone\src\main.v":5)
WARN  (EX3780) : Using initial value of 'i2c_address' since it is never assigned("\\Mac\Home\Documents\Projects\drone\src\main.v":43)
WARN  (EX3780) : Using initial value of 'i2c_rw' since it is never assigned("\\Mac\Home\Documents\Projects\drone\src\main.v":44)
WARN  (EX3791) : Expression size 19 truncated to fit in target size 18("\\Mac\Home\Documents\Projects\drone\src\main.v":59)
WARN  (EX3791) : Expression size 4 truncated to fit in target size 3("\\Mac\Home\Documents\Projects\drone\src\main.v":82)
WARN  (EX3791) : Expression size 4 truncated to fit in target size 3("\\Mac\Home\Documents\Projects\drone\src\main.v":109)
NOTE  (EX0101) : Current top module is "I2C_Master"
[5%] Running netlist conversion ...
Running device independent optimization ...
[10%] Optimizing Phase 0 completed
[15%] Optimizing Phase 1 completed
[25%] Optimizing Phase 2 completed
Running inference ...
[30%] Inferring Phase 0 completed
[40%] Inferring Phase 1 completed
[50%] Inferring Phase 2 completed
[55%] Inferring Phase 3 completed
Running technical mapping ...
[60%] Tech-Mapping Phase 0 completed
[65%] Tech-Mapping Phase 1 completed
[75%] Tech-Mapping Phase 2 completed
[80%] Tech-Mapping Phase 3 completed
[90%] Tech-Mapping Phase 4 completed
[95%] Generate netlist file "\\Mac\Home\Documents\Projects\drone\impl\gwsynthesis\drone.vg" completed
[100%] Generate report file "\\Mac\Home\Documents\Projects\drone\impl\gwsynthesis\drone_syn.rpt.html" completed
GowinSynthesis finish
