GowinSynthesis start
Running parser ...
Analyzing Verilog file '/media/psf/Projects/drone/new_cpu/ALU.v'
Analyzing included file '/media/psf/Projects/drone/new_cpu/signal_def.v'("/media/psf/Projects/drone/new_cpu/ALU.v":1)
Back to file '/media/psf/Projects/drone/new_cpu/ALU.v'("/media/psf/Projects/drone/new_cpu/ALU.v":1)
Analyzing Verilog file '/media/psf/Projects/drone/new_cpu/ConditionCheck.v'
Analyzing Verilog file '/media/psf/Projects/drone/new_cpu/Control.v'
Analyzing included file '/media/psf/Projects/drone/new_cpu/instruction_def.v'("/media/psf/Projects/drone/new_cpu/Control.v":1)
Back to file '/media/psf/Projects/drone/new_cpu/Control.v'("/media/psf/Projects/drone/new_cpu/Control.v":1)
Analyzing included file '/media/psf/Projects/drone/new_cpu/signal_def.v'("/media/psf/Projects/drone/new_cpu/Control.v":2)
Back to file '/media/psf/Projects/drone/new_cpu/Control.v'("/media/psf/Projects/drone/new_cpu/Control.v":2)
Analyzing Verilog file '/media/psf/Projects/drone/new_cpu/EXMEMReg.v'
Analyzing Verilog file '/media/psf/Projects/drone/new_cpu/Extender.v'
Analyzing Verilog file '/media/psf/Projects/drone/new_cpu/ForwardingUnit.v'
Analyzing Verilog file '/media/psf/Projects/drone/new_cpu/GPR.v'
Analyzing Verilog file '/media/psf/Projects/drone/new_cpu/HazardUnit.v'
Analyzing Verilog file '/media/psf/Projects/drone/new_cpu/IDEXReg.v'
Analyzing Verilog file '/media/psf/Projects/drone/new_cpu/IFIDReg.v'
Analyzing Verilog file '/media/psf/Projects/drone/new_cpu/InstructionMemory.v'
Analyzing Verilog file '/media/psf/Projects/drone/new_cpu/MEMWBReg.v'
Analyzing Verilog file '/media/psf/Projects/drone/new_cpu/MIPS_R2000.v'
Analyzing included file '/media/psf/Projects/drone/new_cpu/signal_def.v'("/media/psf/Projects/drone/new_cpu/MIPS_R2000.v":1)
Back to file '/media/psf/Projects/drone/new_cpu/MIPS_R2000.v'("/media/psf/Projects/drone/new_cpu/MIPS_R2000.v":1)
Analyzing included file '/media/psf/Projects/drone/new_cpu/instruction_def.v'("/media/psf/Projects/drone/new_cpu/MIPS_R2000.v":2)
Back to file '/media/psf/Projects/drone/new_cpu/MIPS_R2000.v'("/media/psf/Projects/drone/new_cpu/MIPS_R2000.v":2)
Undeclared symbol 'U_PCU_PCSrc', assumed default net type 'wire'("/media/psf/Projects/drone/new_cpu/MIPS_R2000.v":99)
Analyzing Verilog file '/media/psf/Projects/drone/new_cpu/PCU.v'
Analyzing Verilog file '/media/psf/Projects/drone/new_cpu/clk_div.v'
Analyzing Verilog file '/media/psf/Projects/drone/new_cpu/instruction_def.v'
Analyzing Verilog file '/media/psf/Projects/drone/new_cpu/seg7x16.v'
Analyzing Verilog file '/media/psf/Projects/drone/new_cpu/signal_def.v'
Analyzing Verilog file '/media/psf/Projects/drone/new_cpu/DataMemory.v'
Compiling module 'MIPS_R2000'("/media/psf/Projects/drone/new_cpu/MIPS_R2000.v":4)
WARN  (EX3779) : 'U_PCU_PC' should be on the sensitivity list. Signal missing is added and assuming complete sensitivity list specified. RTL design and post-synthesis netlist simulations may differ as a result("/media/psf/Projects/drone/new_cpu/MIPS_R2000.v":110)
WARN  (EX3779) : 'U_ALU_Zero' should be on the sensitivity list. Signal missing is added and assuming complete sensitivity list specified. RTL design and post-synthesis netlist simulations may differ as a result("/media/psf/Projects/drone/new_cpu/MIPS_R2000.v":111)
Compiling module 'PCU'("/media/psf/Projects/drone/new_cpu/PCU.v":1)
Compiling module 'InstructionMemory'("/media/psf/Projects/drone/new_cpu/InstructionMemory.v":3)
Compiling module 'IFIDReg'("/media/psf/Projects/drone/new_cpu/IFIDReg.v":1)
Compiling module 'HazardUnit'("/media/psf/Projects/drone/new_cpu/HazardUnit.v":1)
Compiling module 'GPR'("/media/psf/Projects/drone/new_cpu/GPR.v":2)
Compiling module 'ConditionCheck'("/media/psf/Projects/drone/new_cpu/ConditionCheck.v":1)
Compiling module 'Extender'("/media/psf/Projects/drone/new_cpu/Extender.v":2)
Compiling module 'IDEXReg'("/media/psf/Projects/drone/new_cpu/IDEXReg.v":1)
Compiling module 'ALU'("/media/psf/Projects/drone/new_cpu/ALU.v":3)
WARN  (EX2420) : Latch inferred for net 'ALURes[31]'; We do not recommend the use of latches in FPGA designs, as they may lead to timing problems("/media/psf/Projects/drone/new_cpu/ALU.v":78)
Compiling module 'EXMEMReg'("/media/psf/Projects/drone/new_cpu/EXMEMReg.v":1)
Compiling module 'DataMemory'("/media/psf/Projects/drone/new_cpu/DataMemory.v":1)
Extracting RAM for identifier 'memory'("/media/psf/Projects/drone/new_cpu/DataMemory.v":8)
Compiling module 'MEMWBReg'("/media/psf/Projects/drone/new_cpu/MEMWBReg.v":1)
Compiling module 'Control'("/media/psf/Projects/drone/new_cpu/Control.v":4)
WARN  (EX2420) : Latch inferred for net 'RegDst'; We do not recommend the use of latches in FPGA designs, as they may lead to timing problems("/media/psf/Projects/drone/new_cpu/Control.v":281)
Compiling module 'ForwardingUnit'("/media/psf/Projects/drone/new_cpu/ForwardingUnit.v":1)
NOTE  (EX0101) : Current top module is "MIPS_R2000"
[5%] Running netlist conversion ...
Running device independent optimization ...
[10%] Optimizing Phase 0 completed
[15%] Optimizing Phase 1 completed
[25%] Optimizing Phase 2 completed
Running inference ...
[30%] Inferring Phase 0 completed
[40%] Inferring Phase 1 completed
[50%] Inferring Phase 2 completed
[55%] Inferring Phase 3 completed
Running technical mapping ...
[60%] Tech-Mapping Phase 0 completed
[65%] Tech-Mapping Phase 1 completed
WARN  (DI0003) : Latch inferred for net 'ALURes[30]';We do not recommend the use of latches in FPGA designs, as they may lead to timing problems("/media/psf/Projects/drone/new_cpu/ALU.v":78)
WARN  (DI0003) : Latch inferred for net 'ALURes[29]';We do not recommend the use of latches in FPGA designs, as they may lead to timing problems("/media/psf/Projects/drone/new_cpu/ALU.v":78)
WARN  (DI0003) : Latch inferred for net 'ALURes[28]';We do not recommend the use of latches in FPGA designs, as they may lead to timing problems("/media/psf/Projects/drone/new_cpu/ALU.v":78)
WARN  (DI0003) : Latch inferred for net 'ALURes[27]';We do not recommend the use of latches in FPGA designs, as they may lead to timing problems("/media/psf/Projects/drone/new_cpu/ALU.v":78)
WARN  (DI0003) : Latch inferred for net 'ALURes[26]';We do not recommend the use of latches in FPGA designs, as they may lead to timing problems("/media/psf/Projects/drone/new_cpu/ALU.v":78)
WARN  (DI0003) : Latch inferred for net 'ALURes[25]';We do not recommend the use of latches in FPGA designs, as they may lead to timing problems("/media/psf/Projects/drone/new_cpu/ALU.v":78)
WARN  (DI0003) : Latch inferred for net 'ALURes[24]';We do not recommend the use of latches in FPGA designs, as they may lead to timing problems("/media/psf/Projects/drone/new_cpu/ALU.v":78)
WARN  (DI0003) : Latch inferred for net 'ALURes[23]';We do not recommend the use of latches in FPGA designs, as they may lead to timing problems("/media/psf/Projects/drone/new_cpu/ALU.v":78)
WARN  (DI0003) : Latch inferred for net 'ALURes[22]';We do not recommend the use of latches in FPGA designs, as they may lead to timing problems("/media/psf/Projects/drone/new_cpu/ALU.v":78)
WARN  (DI0003) : Latch inferred for net 'ALURes[21]';We do not recommend the use of latches in FPGA designs, as they may lead to timing problems("/media/psf/Projects/drone/new_cpu/ALU.v":78)
WARN  (DI0003) : Latch inferred for net 'ALURes[20]';We do not recommend the use of latches in FPGA designs, as they may lead to timing problems("/media/psf/Projects/drone/new_cpu/ALU.v":78)
WARN  (DI0003) : Latch inferred for net 'ALURes[19]';We do not recommend the use of latches in FPGA designs, as they may lead to timing problems("/media/psf/Projects/drone/new_cpu/ALU.v":78)
WARN  (DI0003) : Latch inferred for net 'ALURes[18]';We do not recommend the use of latches in FPGA designs, as they may lead to timing problems("/media/psf/Projects/drone/new_cpu/ALU.v":78)
WARN  (DI0003) : Latch inferred for net 'ALURes[17]';We do not recommend the use of latches in FPGA designs, as they may lead to timing problems("/media/psf/Projects/drone/new_cpu/ALU.v":78)
WARN  (DI0003) : Latch inferred for net 'ALURes[16]';We do not recommend the use of latches in FPGA designs, as they may lead to timing problems("/media/psf/Projects/drone/new_cpu/ALU.v":78)
WARN  (DI0003) : Latch inferred for net 'ALURes[15]';We do not recommend the use of latches in FPGA designs, as they may lead to timing problems("/media/psf/Projects/drone/new_cpu/ALU.v":78)
WARN  (DI0003) : Latch inferred for net 'ALURes[14]';We do not recommend the use of latches in FPGA designs, as they may lead to timing problems("/media/psf/Projects/drone/new_cpu/ALU.v":78)
WARN  (DI0003) : Latch inferred for net 'ALURes[13]';We do not recommend the use of latches in FPGA designs, as they may lead to timing problems("/media/psf/Projects/drone/new_cpu/ALU.v":78)
WARN  (DI0003) : Latch inferred for net 'ALURes[12]';We do not recommend the use of latches in FPGA designs, as they may lead to timing problems("/media/psf/Projects/drone/new_cpu/ALU.v":78)
WARN  (DI0003) : Latch inferred for net 'ALURes[11]';We do not recommend the use of latches in FPGA designs, as they may lead to timing problems("/media/psf/Projects/drone/new_cpu/ALU.v":78)
WARN  (DI0003) : Latch inferred for net 'ALURes[10]';We do not recommend the use of latches in FPGA designs, as they may lead to timing problems("/media/psf/Projects/drone/new_cpu/ALU.v":78)
WARN  (DI0003) : Latch inferred for net 'ALURes[9]';We do not recommend the use of latches in FPGA designs, as they may lead to timing problems("/media/psf/Projects/drone/new_cpu/ALU.v":78)
WARN  (DI0003) : Latch inferred for net 'ALURes[8]';We do not recommend the use of latches in FPGA designs, as they may lead to timing problems("/media/psf/Projects/drone/new_cpu/ALU.v":78)
WARN  (DI0003) : Latch inferred for net 'ALURes[7]';We do not recommend the use of latches in FPGA designs, as they may lead to timing problems("/media/psf/Projects/drone/new_cpu/ALU.v":78)
WARN  (DI0003) : Latch inferred for net 'ALURes[6]';We do not recommend the use of latches in FPGA designs, as they may lead to timing problems("/media/psf/Projects/drone/new_cpu/ALU.v":78)
WARN  (DI0003) : Latch inferred for net 'ALURes[5]';We do not recommend the use of latches in FPGA designs, as they may lead to timing problems("/media/psf/Projects/drone/new_cpu/ALU.v":78)
WARN  (DI0003) : Latch inferred for net 'ALURes[4]';We do not recommend the use of latches in FPGA designs, as they may lead to timing problems("/media/psf/Projects/drone/new_cpu/ALU.v":78)
WARN  (DI0003) : Latch inferred for net 'ALURes[3]';We do not recommend the use of latches in FPGA designs, as they may lead to timing problems("/media/psf/Projects/drone/new_cpu/ALU.v":78)
WARN  (DI0003) : Latch inferred for net 'ALURes[2]';We do not recommend the use of latches in FPGA designs, as they may lead to timing problems("/media/psf/Projects/drone/new_cpu/ALU.v":78)
WARN  (DI0003) : Latch inferred for net 'ALURes[1]';We do not recommend the use of latches in FPGA designs, as they may lead to timing problems("/media/psf/Projects/drone/new_cpu/ALU.v":78)
WARN  (DI0003) : Latch inferred for net 'ALURes[0]';We do not recommend the use of latches in FPGA designs, as they may lead to timing problems("/media/psf/Projects/drone/new_cpu/ALU.v":78)
WARN  (DI0003) : Latch inferred for net 'ALURes[31]';We do not recommend the use of latches in FPGA designs, as they may lead to timing problems("/media/psf/Projects/drone/new_cpu/ALU.v":78)
WARN  (DI0003) : Latch inferred for net 'ExtOp';We do not recommend the use of latches in FPGA designs, as they may lead to timing problems("/media/psf/Projects/drone/new_cpu/Control.v":281)
WARN  (DI0003) : Latch inferred for net 'ALUSrc';We do not recommend the use of latches in FPGA designs, as they may lead to timing problems("/media/psf/Projects/drone/new_cpu/Control.v":281)
WARN  (DI0003) : Latch inferred for net 'ALUOp[4]';We do not recommend the use of latches in FPGA designs, as they may lead to timing problems("/media/psf/Projects/drone/new_cpu/Control.v":281)
WARN  (DI0003) : Latch inferred for net 'ALUOp[3]';We do not recommend the use of latches in FPGA designs, as they may lead to timing problems("/media/psf/Projects/drone/new_cpu/Control.v":281)
WARN  (DI0003) : Latch inferred for net 'ALUOp[2]';We do not recommend the use of latches in FPGA designs, as they may lead to timing problems("/media/psf/Projects/drone/new_cpu/Control.v":281)
WARN  (DI0003) : Latch inferred for net 'ALUOp[1]';We do not recommend the use of latches in FPGA designs, as they may lead to timing problems("/media/psf/Projects/drone/new_cpu/Control.v":281)
WARN  (DI0003) : Latch inferred for net 'ALUOp[0]';We do not recommend the use of latches in FPGA designs, as they may lead to timing problems("/media/psf/Projects/drone/new_cpu/Control.v":281)
WARN  (DI0003) : Latch inferred for net 'RegWrite';We do not recommend the use of latches in FPGA designs, as they may lead to timing problems("/media/psf/Projects/drone/new_cpu/Control.v":281)
WARN  (DI0003) : Latch inferred for net 'MemRead';We do not recommend the use of latches in FPGA designs, as they may lead to timing problems("/media/psf/Projects/drone/new_cpu/Control.v":281)
WARN  (DI0003) : Latch inferred for net 'MemWrite';We do not recommend the use of latches in FPGA designs, as they may lead to timing problems("/media/psf/Projects/drone/new_cpu/Control.v":281)
WARN  (DI0003) : Latch inferred for net 'Branch';We do not recommend the use of latches in FPGA designs, as they may lead to timing problems("/media/psf/Projects/drone/new_cpu/Control.v":281)
WARN  (DI0003) : Latch inferred for net 'Jump';We do not recommend the use of latches in FPGA designs, as they may lead to timing problems("/media/psf/Projects/drone/new_cpu/Control.v":281)
WARN  (DI0003) : Latch inferred for net 'RegDst';We do not recommend the use of latches in FPGA designs, as they may lead to timing problems("/media/psf/Projects/drone/new_cpu/Control.v":281)
[75%] Tech-Mapping Phase 2 completed
[80%] Tech-Mapping Phase 3 completed
[90%] Tech-Mapping Phase 4 completed
[95%] Generate netlist file "/media/psf/Projects/drone/impl/gwsynthesis/drone.vg" completed
NOTE  (TA1125) : More than 5 critical paths are ignored because having large logic level.
[100%] Generate report file "/media/psf/Projects/drone/impl/gwsynthesis/drone_syn.rpt.html" completed
GowinSynthesis finish
